<?xml version="1.0" encoding="UTF-8"?>
<testsuite xmlns:xsi="http://www.w3.org/2001/XMLSchema-instance" xsi:noNamespaceSchemaLocation="https://maven.apache.org/surefire/maven-surefire-plugin/xsd/surefire-test-report.xsd" name="org.example.AppTest" time="1.226" tests="5" errors="0" skipped="0" failures="0">
  <properties>
[...]
</properties>
  <testcase name="testAdd" classname="org.example.AppTest" time="0.005"/>
  <testcase name="testSubtract" classname="org.example.AppTest" time="0"/>
  <testcase name="testFunc1" classname="org.example.AppTest" time="0.031"/>
  <testcase name="testDivide" classname="org.example.AppTest" time="0"/>
  <testcase name="testMultiply" classname="org.example.AppTest" time="0"/>
</testsuite>